2019-09-01 22:53:26,326 - Log4JLogChute initialized using file 'velocity.log'
2019-09-01 22:53:26,327 - Initializing Velocity, Calling init()...
2019-09-01 22:53:26,327 - Starting Apache Velocity v1.7 (compiled: 2010-11-19 12:14:37)
2019-09-01 22:53:26,327 - Default Properties File: org/apache/velocity/runtime/defaults/velocity.properties
2019-09-01 22:53:26,327 - Trying to use logger class org.apache.velocity.runtime.log.AvalonLogChute
2019-09-01 22:53:26,327 - Target log system for org.apache.velocity.runtime.log.AvalonLogChute is not available (java.lang.NoClassDefFoundError: org/apache/log/format/Formatter).  Falling back to next log system...
2019-09-01 22:53:26,327 - Trying to use logger class org.apache.velocity.runtime.log.Log4JLogChute
2019-09-01 22:53:26,327 - Using logger class org.apache.velocity.runtime.log.Log4JLogChute
2019-09-01 22:53:26,331 - ResourceLoader instantiated: org.apache.velocity.runtime.resource.loader.FileResourceLoader
2019-09-01 22:53:26,332 - Do unicode file recognition:  false
2019-09-01 22:53:26,332 - FileResourceLoader : adding path '.'
2019-09-01 22:53:26,337 - ResourceCache: initialized (class org.apache.velocity.runtime.resource.ResourceCacheImpl) with class java.util.Collections$SynchronizedMap cache map.
2019-09-01 22:53:26,338 - Loaded System Directive: org.apache.velocity.runtime.directive.Stop
2019-09-01 22:53:26,339 - Loaded System Directive: org.apache.velocity.runtime.directive.Define
2019-09-01 22:53:26,340 - Loaded System Directive: org.apache.velocity.runtime.directive.Break
2019-09-01 22:53:26,340 - Loaded System Directive: org.apache.velocity.runtime.directive.Evaluate
2019-09-01 22:53:26,341 - Loaded System Directive: org.apache.velocity.runtime.directive.Literal
2019-09-01 22:53:26,342 - Loaded System Directive: org.apache.velocity.runtime.directive.Macro
2019-09-01 22:53:26,343 - Loaded System Directive: org.apache.velocity.runtime.directive.Parse
2019-09-01 22:53:26,344 - Loaded System Directive: org.apache.velocity.runtime.directive.Include
2019-09-01 22:53:26,345 - Loaded System Directive: org.apache.velocity.runtime.directive.Foreach
2019-09-01 22:53:26,370 - Created '20' parsers.
2019-09-01 22:53:26,374 - Velocimacro : "velocimacro.library" is not set.  Trying default library: VM_global_library.vm
2019-09-01 22:53:26,374 - Velocimacro : Default library not found.
2019-09-01 22:53:26,374 - Velocimacro : allowInline = true : VMs can be defined inline in templates
2019-09-01 22:53:26,374 - Velocimacro : allowInlineToOverride = false : VMs defined inline may NOT replace previous VM definitions
2019-09-01 22:53:26,375 - Velocimacro : allowInlineLocal = false : VMs defined inline will be global in scope if allowed.
2019-09-01 22:53:26,375 - Velocimacro : autoload off : VM system will not automatically reload global library macros
2019-09-01 23:01:26,993 - Log4JLogChute initialized using file 'velocity.log'
2019-09-01 23:01:26,993 - Initializing Velocity, Calling init()...
2019-09-01 23:01:26,993 - Starting Apache Velocity v1.7 (compiled: 2010-11-19 12:14:37)
2019-09-01 23:01:26,994 - Default Properties File: org/apache/velocity/runtime/defaults/velocity.properties
2019-09-01 23:01:26,994 - Trying to use logger class org.apache.velocity.runtime.log.AvalonLogChute
2019-09-01 23:01:26,994 - Target log system for org.apache.velocity.runtime.log.AvalonLogChute is not available (java.lang.NoClassDefFoundError: org/apache/log/format/Formatter).  Falling back to next log system...
2019-09-01 23:01:26,994 - Trying to use logger class org.apache.velocity.runtime.log.Log4JLogChute
2019-09-01 23:01:26,994 - Using logger class org.apache.velocity.runtime.log.Log4JLogChute
2019-09-01 23:01:26,997 - ResourceLoader instantiated: org.apache.velocity.runtime.resource.loader.FileResourceLoader
2019-09-01 23:01:26,998 - Do unicode file recognition:  false
2019-09-01 23:01:26,998 - FileResourceLoader : adding path '.'
2019-09-01 23:01:27,002 - ResourceCache: initialized (class org.apache.velocity.runtime.resource.ResourceCacheImpl) with class java.util.Collections$SynchronizedMap cache map.
2019-09-01 23:01:27,003 - Loaded System Directive: org.apache.velocity.runtime.directive.Stop
2019-09-01 23:01:27,004 - Loaded System Directive: org.apache.velocity.runtime.directive.Define
2019-09-01 23:01:27,004 - Loaded System Directive: org.apache.velocity.runtime.directive.Break
2019-09-01 23:01:27,005 - Loaded System Directive: org.apache.velocity.runtime.directive.Evaluate
2019-09-01 23:01:27,005 - Loaded System Directive: org.apache.velocity.runtime.directive.Literal
2019-09-01 23:01:27,006 - Loaded System Directive: org.apache.velocity.runtime.directive.Macro
2019-09-01 23:01:27,007 - Loaded System Directive: org.apache.velocity.runtime.directive.Parse
2019-09-01 23:01:27,008 - Loaded System Directive: org.apache.velocity.runtime.directive.Include
2019-09-01 23:01:27,009 - Loaded System Directive: org.apache.velocity.runtime.directive.Foreach
2019-09-01 23:01:27,036 - Created '20' parsers.
2019-09-01 23:01:27,040 - Velocimacro : "velocimacro.library" is not set.  Trying default library: VM_global_library.vm
2019-09-01 23:01:27,040 - Velocimacro : Default library not found.
2019-09-01 23:01:27,040 - Velocimacro : allowInline = true : VMs can be defined inline in templates
2019-09-01 23:01:27,040 - Velocimacro : allowInlineToOverride = false : VMs defined inline may NOT replace previous VM definitions
2019-09-01 23:01:27,040 - Velocimacro : allowInlineLocal = false : VMs defined inline will be global in scope if allowed.
2019-09-01 23:01:27,040 - Velocimacro : autoload off : VM system will not automatically reload global library macros
2019-09-01 23:04:19,202 - Log4JLogChute initialized using file 'velocity.log'
2019-09-01 23:04:19,203 - Initializing Velocity, Calling init()...
2019-09-01 23:04:19,203 - Starting Apache Velocity v1.7 (compiled: 2010-11-19 12:14:37)
2019-09-01 23:04:19,203 - Default Properties File: org/apache/velocity/runtime/defaults/velocity.properties
2019-09-01 23:04:19,203 - Trying to use logger class org.apache.velocity.runtime.log.AvalonLogChute
2019-09-01 23:04:19,203 - Target log system for org.apache.velocity.runtime.log.AvalonLogChute is not available (java.lang.NoClassDefFoundError: org/apache/log/format/Formatter).  Falling back to next log system...
2019-09-01 23:04:19,203 - Trying to use logger class org.apache.velocity.runtime.log.Log4JLogChute
2019-09-01 23:04:19,203 - Using logger class org.apache.velocity.runtime.log.Log4JLogChute
2019-09-01 23:04:19,209 - ResourceLoader instantiated: org.apache.velocity.runtime.resource.loader.FileResourceLoader
2019-09-01 23:04:19,210 - Do unicode file recognition:  false
2019-09-01 23:04:19,210 - FileResourceLoader : adding path '.'
2019-09-01 23:04:19,213 - ResourceCache: initialized (class org.apache.velocity.runtime.resource.ResourceCacheImpl) with class java.util.Collections$SynchronizedMap cache map.
2019-09-01 23:04:19,214 - Loaded System Directive: org.apache.velocity.runtime.directive.Stop
2019-09-01 23:04:19,215 - Loaded System Directive: org.apache.velocity.runtime.directive.Define
2019-09-01 23:04:19,215 - Loaded System Directive: org.apache.velocity.runtime.directive.Break
2019-09-01 23:04:19,216 - Loaded System Directive: org.apache.velocity.runtime.directive.Evaluate
2019-09-01 23:04:19,216 - Loaded System Directive: org.apache.velocity.runtime.directive.Literal
2019-09-01 23:04:19,217 - Loaded System Directive: org.apache.velocity.runtime.directive.Macro
2019-09-01 23:04:19,218 - Loaded System Directive: org.apache.velocity.runtime.directive.Parse
2019-09-01 23:04:19,219 - Loaded System Directive: org.apache.velocity.runtime.directive.Include
2019-09-01 23:04:19,219 - Loaded System Directive: org.apache.velocity.runtime.directive.Foreach
2019-09-01 23:04:19,242 - Created '20' parsers.
2019-09-01 23:04:19,246 - Velocimacro : "velocimacro.library" is not set.  Trying default library: VM_global_library.vm
2019-09-01 23:04:19,246 - Velocimacro : Default library not found.
2019-09-01 23:04:19,246 - Velocimacro : allowInline = true : VMs can be defined inline in templates
2019-09-01 23:04:19,247 - Velocimacro : allowInlineToOverride = false : VMs defined inline may NOT replace previous VM definitions
2019-09-01 23:04:19,247 - Velocimacro : allowInlineLocal = false : VMs defined inline will be global in scope if allowed.
2019-09-01 23:04:19,247 - Velocimacro : autoload off : VM system will not automatically reload global library macros
2019-09-01 23:08:25,260 - Log4JLogChute initialized using file 'velocity.log'
2019-09-01 23:08:25,261 - Initializing Velocity, Calling init()...
2019-09-01 23:08:25,261 - Starting Apache Velocity v1.7 (compiled: 2010-11-19 12:14:37)
2019-09-01 23:08:25,261 - Default Properties File: org/apache/velocity/runtime/defaults/velocity.properties
2019-09-01 23:08:25,261 - Trying to use logger class org.apache.velocity.runtime.log.AvalonLogChute
2019-09-01 23:08:25,261 - Target log system for org.apache.velocity.runtime.log.AvalonLogChute is not available (java.lang.NoClassDefFoundError: org/apache/log/format/Formatter).  Falling back to next log system...
2019-09-01 23:08:25,261 - Trying to use logger class org.apache.velocity.runtime.log.Log4JLogChute
2019-09-01 23:08:25,261 - Using logger class org.apache.velocity.runtime.log.Log4JLogChute
2019-09-01 23:08:25,265 - ResourceLoader instantiated: org.apache.velocity.runtime.resource.loader.FileResourceLoader
2019-09-01 23:08:25,266 - Do unicode file recognition:  false
2019-09-01 23:08:25,266 - FileResourceLoader : adding path '.'
2019-09-01 23:08:25,269 - ResourceCache: initialized (class org.apache.velocity.runtime.resource.ResourceCacheImpl) with class java.util.Collections$SynchronizedMap cache map.
2019-09-01 23:08:25,270 - Loaded System Directive: org.apache.velocity.runtime.directive.Stop
2019-09-01 23:08:25,271 - Loaded System Directive: org.apache.velocity.runtime.directive.Define
2019-09-01 23:08:25,272 - Loaded System Directive: org.apache.velocity.runtime.directive.Break
2019-09-01 23:08:25,272 - Loaded System Directive: org.apache.velocity.runtime.directive.Evaluate
2019-09-01 23:08:25,273 - Loaded System Directive: org.apache.velocity.runtime.directive.Literal
2019-09-01 23:08:25,273 - Loaded System Directive: org.apache.velocity.runtime.directive.Macro
2019-09-01 23:08:25,275 - Loaded System Directive: org.apache.velocity.runtime.directive.Parse
2019-09-01 23:08:25,276 - Loaded System Directive: org.apache.velocity.runtime.directive.Include
2019-09-01 23:08:25,276 - Loaded System Directive: org.apache.velocity.runtime.directive.Foreach
2019-09-01 23:08:25,298 - Created '20' parsers.
2019-09-01 23:08:25,302 - Velocimacro : "velocimacro.library" is not set.  Trying default library: VM_global_library.vm
2019-09-01 23:08:25,302 - Velocimacro : Default library not found.
2019-09-01 23:08:25,302 - Velocimacro : allowInline = true : VMs can be defined inline in templates
2019-09-01 23:08:25,302 - Velocimacro : allowInlineToOverride = false : VMs defined inline may NOT replace previous VM definitions
2019-09-01 23:08:25,302 - Velocimacro : allowInlineLocal = false : VMs defined inline will be global in scope if allowed.
2019-09-01 23:08:25,302 - Velocimacro : autoload off : VM system will not automatically reload global library macros
2019-09-01 23:13:54,432 - Log4JLogChute initialized using file 'velocity.log'
2019-09-01 23:13:54,433 - Initializing Velocity, Calling init()...
2019-09-01 23:13:54,433 - Starting Apache Velocity v1.7 (compiled: 2010-11-19 12:14:37)
2019-09-01 23:13:54,433 - Default Properties File: org/apache/velocity/runtime/defaults/velocity.properties
2019-09-01 23:13:54,433 - Trying to use logger class org.apache.velocity.runtime.log.AvalonLogChute
2019-09-01 23:13:54,433 - Target log system for org.apache.velocity.runtime.log.AvalonLogChute is not available (java.lang.NoClassDefFoundError: org/apache/log/format/Formatter).  Falling back to next log system...
2019-09-01 23:13:54,433 - Trying to use logger class org.apache.velocity.runtime.log.Log4JLogChute
2019-09-01 23:13:54,433 - Using logger class org.apache.velocity.runtime.log.Log4JLogChute
2019-09-01 23:13:54,437 - ResourceLoader instantiated: org.apache.velocity.runtime.resource.loader.FileResourceLoader
2019-09-01 23:13:54,438 - Do unicode file recognition:  false
2019-09-01 23:13:54,438 - FileResourceLoader : adding path '.'
2019-09-01 23:13:54,441 - ResourceCache: initialized (class org.apache.velocity.runtime.resource.ResourceCacheImpl) with class java.util.Collections$SynchronizedMap cache map.
2019-09-01 23:13:54,442 - Loaded System Directive: org.apache.velocity.runtime.directive.Stop
2019-09-01 23:13:54,443 - Loaded System Directive: org.apache.velocity.runtime.directive.Define
2019-09-01 23:13:54,443 - Loaded System Directive: org.apache.velocity.runtime.directive.Break
2019-09-01 23:13:54,444 - Loaded System Directive: org.apache.velocity.runtime.directive.Evaluate
2019-09-01 23:13:54,444 - Loaded System Directive: org.apache.velocity.runtime.directive.Literal
2019-09-01 23:13:54,445 - Loaded System Directive: org.apache.velocity.runtime.directive.Macro
2019-09-01 23:13:54,446 - Loaded System Directive: org.apache.velocity.runtime.directive.Parse
2019-09-01 23:13:54,447 - Loaded System Directive: org.apache.velocity.runtime.directive.Include
2019-09-01 23:13:54,447 - Loaded System Directive: org.apache.velocity.runtime.directive.Foreach
2019-09-01 23:13:54,469 - Created '20' parsers.
2019-09-01 23:13:54,473 - Velocimacro : "velocimacro.library" is not set.  Trying default library: VM_global_library.vm
2019-09-01 23:13:54,473 - Velocimacro : Default library not found.
2019-09-01 23:13:54,473 - Velocimacro : allowInline = true : VMs can be defined inline in templates
2019-09-01 23:13:54,473 - Velocimacro : allowInlineToOverride = false : VMs defined inline may NOT replace previous VM definitions
2019-09-01 23:13:54,473 - Velocimacro : allowInlineLocal = false : VMs defined inline will be global in scope if allowed.
2019-09-01 23:13:54,473 - Velocimacro : autoload off : VM system will not automatically reload global library macros
2019-09-03 15:41:54,961 - Log4JLogChute initialized using file 'velocity.log'
2019-09-03 15:41:54,962 - Initializing Velocity, Calling init()...
2019-09-03 15:41:54,962 - Starting Apache Velocity v1.7 (compiled: 2010-11-19 12:14:37)
2019-09-03 15:41:54,962 - Default Properties File: org/apache/velocity/runtime/defaults/velocity.properties
2019-09-03 15:41:54,962 - Trying to use logger class org.apache.velocity.runtime.log.AvalonLogChute
2019-09-03 15:41:54,962 - Target log system for org.apache.velocity.runtime.log.AvalonLogChute is not available (java.lang.NoClassDefFoundError: org/apache/log/Priority).  Falling back to next log system...
2019-09-03 15:41:54,962 - Trying to use logger class org.apache.velocity.runtime.log.Log4JLogChute
2019-09-03 15:41:54,962 - Using logger class org.apache.velocity.runtime.log.Log4JLogChute
2019-09-03 15:41:54,967 - ResourceLoader instantiated: org.apache.velocity.runtime.resource.loader.FileResourceLoader
2019-09-03 15:41:54,968 - Do unicode file recognition:  false
2019-09-03 15:41:54,969 - FileResourceLoader : adding path '.'
2019-09-03 15:41:54,973 - ResourceCache: initialized (class org.apache.velocity.runtime.resource.ResourceCacheImpl) with class java.util.Collections$SynchronizedMap cache map.
2019-09-03 15:41:54,976 - Loaded System Directive: org.apache.velocity.runtime.directive.Stop
2019-09-03 15:41:54,978 - Loaded System Directive: org.apache.velocity.runtime.directive.Define
2019-09-03 15:41:54,979 - Loaded System Directive: org.apache.velocity.runtime.directive.Break
2019-09-03 15:41:54,980 - Loaded System Directive: org.apache.velocity.runtime.directive.Evaluate
2019-09-03 15:41:54,980 - Loaded System Directive: org.apache.velocity.runtime.directive.Literal
2019-09-03 15:41:54,981 - Loaded System Directive: org.apache.velocity.runtime.directive.Macro
2019-09-03 15:41:54,983 - Loaded System Directive: org.apache.velocity.runtime.directive.Parse
2019-09-03 15:41:54,984 - Loaded System Directive: org.apache.velocity.runtime.directive.Include
2019-09-03 15:41:54,985 - Loaded System Directive: org.apache.velocity.runtime.directive.Foreach
2019-09-03 15:41:55,011 - Created '20' parsers.
2019-09-03 15:41:55,015 - Velocimacro : "velocimacro.library" is not set.  Trying default library: VM_global_library.vm
2019-09-03 15:41:55,015 - Velocimacro : Default library not found.
2019-09-03 15:41:55,015 - Velocimacro : allowInline = true : VMs can be defined inline in templates
2019-09-03 15:41:55,015 - Velocimacro : allowInlineToOverride = false : VMs defined inline may NOT replace previous VM definitions
2019-09-03 15:41:55,015 - Velocimacro : allowInlineLocal = false : VMs defined inline will be global in scope if allowed.
2019-09-03 15:41:55,015 - Velocimacro : autoload off : VM system will not automatically reload global library macros
